D:\LOCI\TEST_MPFC_CTRL\MPFC_CONTROLLER\MPFC_CONTROLLER\DEBUG\MPFC_CONTROLLER.PCH
D:\LOCI\TEST_MPFC_CTRL\MPFC_CONTROLLER\MPFC_CONTROLLER\DEBUG\STDAFX.OBJ
D:\LOCI\TEST_MPFC_CTRL\MPFC_CONTROLLER\MPFC_CONTROLLER\DEBUG\VC110.PDB
D:\LOCI\TEST_MPFC_CTRL\MPFC_CONTROLLER\MPFC_CONTROLLER\DEBUG\DLLMAIN.OBJ
D:\LOCI\TEST_MPFC_CTRL\MPFC_CONTROLLER\MPFC_CONTROLLER\DEBUG\MPFC_CONTROLLER.OBJ
D:\LOCI\TEST_MPFC_CTRL\MPFC_CONTROLLER\DEBUG\MPFC_CONTROLLER.ILK
D:\LOCI\TEST_MPFC_CTRL\MPFC_CONTROLLER\DEBUG\MPFC_CONTROLLER.DLL
D:\LOCI\TEST_MPFC_CTRL\MPFC_CONTROLLER\DEBUG\MPFC_CONTROLLER.PDB
D:\LOCI\test_mpfc_ctrl\MPFC_Controller\Debug\MPFC_Controller.lib
D:\LOCI\test_mpfc_ctrl\MPFC_Controller\Debug\MPFC_Controller.exp
D:\LOCI\test_mpfc_ctrl\MPFC_Controller\MPFC_Controller\Debug\dllmain.obj
D:\LOCI\test_mpfc_ctrl\MPFC_Controller\MPFC_Controller\Debug\MPFC_Controller.obj
D:\LOCI\test_mpfc_ctrl\MPFC_Controller\MPFC_Controller\Debug\stdafx.obj
D:\LOCI\test_mpfc_ctrl\MPFC_Controller\MPFC_Controller\Debug\cl.command.1.tlog
D:\LOCI\test_mpfc_ctrl\MPFC_Controller\MPFC_Controller\Debug\CL.read.1.tlog
D:\LOCI\test_mpfc_ctrl\MPFC_Controller\MPFC_Controller\Debug\CL.write.1.tlog
D:\LOCI\test_mpfc_ctrl\MPFC_Controller\MPFC_Controller\Debug\link-cvtres.read.1.tlog
D:\LOCI\test_mpfc_ctrl\MPFC_Controller\MPFC_Controller\Debug\link-cvtres.write.1.tlog
D:\LOCI\test_mpfc_ctrl\MPFC_Controller\MPFC_Controller\Debug\link-rc.read.1.tlog
D:\LOCI\test_mpfc_ctrl\MPFC_Controller\MPFC_Controller\Debug\link-rc.write.1.tlog
D:\LOCI\test_mpfc_ctrl\MPFC_Controller\MPFC_Controller\Debug\link.command.1.tlog
D:\LOCI\test_mpfc_ctrl\MPFC_Controller\MPFC_Controller\Debug\link.read.1.tlog
D:\LOCI\test_mpfc_ctrl\MPFC_Controller\MPFC_Controller\Debug\link.write.1.tlog
D:\LOCI\test_mpfc_ctrl\MPFC_Controller\MPFC_Controller\Debug\MPFC_Controller.write.1.tlog
D:\LOCI\test_mpfc_ctrl\MPFC_Controller\MPFC_Controller\Debug\MPFC_Controller.pch
D:\LOCI\test_mpfc_ctrl\MPFC_Controller\MPFC_Controller\Debug\vc110.idb
D:\LOCI\test_mpfc_ctrl\MPFC_Controller\MPFC_Controller\Debug\vc110.pdb
D:\LOCI\test_mpfc_ctrl\MPFC_Controller\Debug\MPFC_Controller.pdb
D:\LOCI\test_mpfc_ctrl\MPFC_Controller\Debug\MPFC_Controller.dll
D:\LOCI\test_mpfc_ctrl\MPFC_Controller\Debug\MPFC_Controller.ilk
